2024-08-10T16:58:52.265+01:00  INFO 71700 --- [main] c.e.b.s.t.m.MoneyTransferApplication     : Starting MoneyTransferApplication using Java 17.0.8.1 with PID 71700 (/Users/pravijasandeep/Documents/PravijaDocs/Projects/Spring/Banking Transfer Service/target/classes started by pravijasandeep in /Users/pravijasandeep/Documents/PravijaDocs/Projects/Spring/Banking Transfer Service)
2024-08-10T16:58:52.266+01:00 DEBUG 71700 --- [main] c.e.b.s.t.m.MoneyTransferApplication     : Running with Spring Boot v3.2.8, Spring v6.1.11
2024-08-10T16:58:52.266+01:00  INFO 71700 --- [main] c.e.b.s.t.m.MoneyTransferApplication     : No active profile set, falling back to 1 default profile: "default"
2024-08-10T16:58:52.499+01:00  INFO 71700 --- [main] .s.d.r.c.RepositoryConfigurationDelegate : Bootstrapping Spring Data JPA repositories in DEFAULT mode.
2024-08-10T16:58:52.521+01:00  INFO 71700 --- [main] .s.d.r.c.RepositoryConfigurationDelegate : Finished Spring Data repository scanning in 18 ms. Found 4 JPA repository interfaces.
2024-08-10T16:58:52.703+01:00  INFO 71700 --- [main] o.s.b.w.embedded.tomcat.TomcatWebServer  : Tomcat initialized with port 8080 (http)
2024-08-10T16:58:52.707+01:00  INFO 71700 --- [main] o.apache.catalina.core.StandardService   : Starting service [Tomcat]
2024-08-10T16:58:52.707+01:00  INFO 71700 --- [main] o.apache.catalina.core.StandardEngine    : Starting Servlet engine: [Apache Tomcat/10.1.26]
2024-08-10T16:58:52.725+01:00  INFO 71700 --- [main] o.a.c.c.C.[Tomcat].[localhost].[/]       : Initializing Spring embedded WebApplicationContext
2024-08-10T16:58:52.725+01:00  INFO 71700 --- [main] w.s.c.ServletWebServerApplicationContext : Root WebApplicationContext: initialization completed in 445 ms
2024-08-10T16:58:52.756+01:00  INFO 71700 --- [main] com.zaxxer.hikari.HikariDataSource       : HikariPool-1 - Starting...
2024-08-10T16:58:52.826+01:00  INFO 71700 --- [main] com.zaxxer.hikari.pool.HikariPool        : HikariPool-1 - Added connection conn0: url=jdbc:h2:mem:b47ab3bd-f6a2-44e8-8344-de4039cd18ca user=SA
2024-08-10T16:58:52.827+01:00  INFO 71700 --- [main] com.zaxxer.hikari.HikariDataSource       : HikariPool-1 - Start completed.
2024-08-10T16:58:52.863+01:00  INFO 71700 --- [main] o.hibernate.jpa.internal.util.LogHelper  : HHH000204: Processing PersistenceUnitInfo [name: default]
2024-08-10T16:58:52.884+01:00  INFO 71700 --- [main] org.hibernate.Version                    : HHH000412: Hibernate ORM core version 6.4.9.Final
2024-08-10T16:58:52.894+01:00  INFO 71700 --- [main] o.h.c.internal.RegionFactoryInitiator    : HHH000026: Second-level cache disabled
2024-08-10T16:58:52.965+01:00  INFO 71700 --- [main] o.s.o.j.p.SpringPersistenceUnitInfo      : No LoadTimeWeaver setup: ignoring JPA class transformer
2024-08-10T16:58:53.313+01:00  INFO 71700 --- [main] o.h.e.t.j.p.i.JtaPlatformInitiator       : HHH000489: No JTA platform available (set 'hibernate.transaction.jta.platform' to enable JTA platform integration)
2024-08-10T16:58:53.318+01:00 DEBUG 71700 --- [main] org.hibernate.SQL                        : drop table if exists account cascade 
2024-08-10T16:58:53.319+01:00 DEBUG 71700 --- [main] org.hibernate.SQL                        : drop table if exists bank cascade 
2024-08-10T16:58:53.319+01:00 DEBUG 71700 --- [main] org.hibernate.SQL                        : drop table if exists payee cascade 
2024-08-10T16:58:53.319+01:00 DEBUG 71700 --- [main] org.hibernate.SQL                        : drop table if exists transaction cascade 
2024-08-10T16:58:53.323+01:00 DEBUG 71700 --- [main] org.hibernate.SQL                        : create table account (balance numeric(38,2), bank_code varchar(10), acc_num varchar(255) not null, holder_name varchar(255), primary key (acc_num))
2024-08-10T16:58:53.323+01:00 DEBUG 71700 --- [main] org.hibernate.SQL                        : create table bank (code varchar(10) not null, name varchar(255) not null, primary key (code))
2024-08-10T16:58:53.324+01:00 DEBUG 71700 --- [main] org.hibernate.SQL                        : create table payee (type tinyint check (type between 0 and 1), id bigint generated by default as identity, bank_code varchar(10), acc_num varchar(255), account_id varchar(255), nick_name varchar(255), primary key (id))
2024-08-10T16:58:53.325+01:00 DEBUG 71700 --- [main] org.hibernate.SQL                        : create table transaction (amount numeric(38,2), status tinyint check (status between 0 and 2), id bigint generated by default as identity, payee_id bigint, timestamp timestamp(6), source_account_id varchar(255), type varchar(255), primary key (id))
2024-08-10T16:58:53.325+01:00 DEBUG 71700 --- [main] org.hibernate.SQL                        : alter table if exists account add constraint FKd92gwbdqditppi9vskw4762hn foreign key (bank_code) references bank
2024-08-10T16:58:53.326+01:00 DEBUG 71700 --- [main] org.hibernate.SQL                        : alter table if exists payee add constraint FK68pswlpvj9anxfu5mohd362tr foreign key (bank_code) references bank
2024-08-10T16:58:53.326+01:00 DEBUG 71700 --- [main] org.hibernate.SQL                        : alter table if exists payee add constraint FKrt46jfroxkilyhgdxbg29kor9 foreign key (account_id) references account
2024-08-10T16:58:53.327+01:00 DEBUG 71700 --- [main] org.hibernate.SQL                        : alter table if exists transaction add constraint FK6ysw7ksvi2ahp0j2crslguy7o foreign key (payee_id) references payee
2024-08-10T16:58:53.328+01:00 DEBUG 71700 --- [main] org.hibernate.SQL                        : alter table if exists transaction add constraint FK25e716ukpqahttjt6c487lrer foreign key (source_account_id) references account
2024-08-10T16:58:53.329+01:00  INFO 71700 --- [main] j.LocalContainerEntityManagerFactoryBean : Initialized JPA EntityManagerFactory for persistence unit 'default'
2024-08-10T16:58:53.467+01:00  WARN 71700 --- [main] JpaBaseConfiguration$JpaWebConfiguration : spring.jpa.open-in-view is enabled by default. Therefore, database queries may be performed during view rendering. Explicitly configure spring.jpa.open-in-view to disable this warning
2024-08-10T16:58:53.597+01:00  INFO 71700 --- [main] o.s.b.w.embedded.tomcat.TomcatWebServer  : Tomcat started on port 8080 (http) with context path ''
2024-08-10T16:58:53.602+01:00  INFO 71700 --- [main] c.e.b.s.t.m.MoneyTransferApplication     : Started MoneyTransferApplication in 1.477 seconds (process running for 1.907)
2024-08-10T16:58:53.621+01:00 DEBUG 71700 --- [main] org.hibernate.SQL                        : select b1_0.code,b1_0.name,a1_0.bank_code,a1_0.acc_num,a1_0.balance,a1_0.holder_name from bank b1_0 left join account a1_0 on b1_0.code=a1_0.bank_code where b1_0.code=?
2024-08-10T16:58:53.636+01:00 DEBUG 71700 --- [main] org.hibernate.SQL                        : insert into bank (name,code) values (?,?)
2024-08-10T16:58:53.639+01:00 DEBUG 71700 --- [main] org.hibernate.SQL                        : select b1_0.code,b1_0.name,a1_0.bank_code,a1_0.acc_num,a1_0.balance,a1_0.holder_name from bank b1_0 left join account a1_0 on b1_0.code=a1_0.bank_code where b1_0.code=?
2024-08-10T16:58:53.639+01:00 DEBUG 71700 --- [main] org.hibernate.SQL                        : insert into bank (name,code) values (?,?)
2024-08-10T16:58:53.641+01:00 DEBUG 71700 --- [main] org.hibernate.SQL                        : select a1_0.acc_num,a1_0.balance,a1_0.bank_code,a1_0.holder_name,p1_0.account_id,p1_0.id,p1_0.acc_num,p1_0.bank_code,p1_0.nick_name,p1_0.type from account a1_0 left join payee p1_0 on a1_0.acc_num=p1_0.account_id where a1_0.acc_num=?
2024-08-10T16:58:53.646+01:00 DEBUG 71700 --- [main] org.hibernate.SQL                        : insert into account (balance,bank_code,holder_name,acc_num) values (?,?,?,?)
2024-08-10T16:58:53.647+01:00 DEBUG 71700 --- [main] org.hibernate.SQL                        : select a1_0.acc_num,a1_0.balance,a1_0.bank_code,a1_0.holder_name,p1_0.account_id,p1_0.id,p1_0.acc_num,p1_0.bank_code,p1_0.nick_name,p1_0.type from account a1_0 left join payee p1_0 on a1_0.acc_num=p1_0.account_id where a1_0.acc_num=?
2024-08-10T16:58:53.648+01:00 DEBUG 71700 --- [main] org.hibernate.SQL                        : insert into account (balance,bank_code,holder_name,acc_num) values (?,?,?,?)
2024-08-10T16:58:53.648+01:00 DEBUG 71700 --- [main] org.hibernate.SQL                        : select a1_0.acc_num,a1_0.balance,a1_0.bank_code,a1_0.holder_name,p1_0.account_id,p1_0.id,p1_0.acc_num,p1_0.bank_code,p1_0.nick_name,p1_0.type from account a1_0 left join payee p1_0 on a1_0.acc_num=p1_0.account_id where a1_0.acc_num=?
2024-08-10T16:58:53.649+01:00 DEBUG 71700 --- [main] org.hibernate.SQL                        : insert into account (balance,bank_code,holder_name,acc_num) values (?,?,?,?)
2024-08-10T16:58:53.649+01:00 DEBUG 71700 --- [main] org.hibernate.SQL                        : select a1_0.acc_num,a1_0.balance,a1_0.bank_code,a1_0.holder_name,p1_0.account_id,p1_0.id,p1_0.acc_num,p1_0.bank_code,p1_0.nick_name,p1_0.type from account a1_0 left join payee p1_0 on a1_0.acc_num=p1_0.account_id where a1_0.acc_num=?
2024-08-10T16:58:53.652+01:00 DEBUG 71700 --- [main] org.hibernate.SQL                        : insert into payee (acc_num,bank_code,nick_name,account_id,type,id) values (?,?,?,?,?,default)
2024-08-10T16:58:53.654+01:00 DEBUG 71700 --- [main] org.hibernate.SQL                        : insert into payee (acc_num,bank_code,nick_name,account_id,type,id) values (?,?,?,?,?,default)
2024-08-10T16:58:53.654+01:00 DEBUG 71700 --- [main] org.hibernate.SQL                        : select b1_0.code,b1_0.name from bank b1_0 where b1_0.code=?
2024-08-10T16:58:53.655+01:00 DEBUG 71700 --- [main] org.hibernate.SQL                        : select b1_0.code,b1_0.name from bank b1_0 where b1_0.code=?
2024-08-10T16:58:53.657+01:00 DEBUG 71700 --- [main] org.hibernate.SQL                        : select a1_0.acc_num,a1_0.balance,a1_0.bank_code,a1_0.holder_name,p1_0.account_id,p1_0.id,p1_0.acc_num,p1_0.bank_code,p1_0.nick_name,p1_0.type from account a1_0 left join payee p1_0 on a1_0.acc_num=p1_0.account_id where a1_0.acc_num=?
2024-08-10T16:58:53.658+01:00 DEBUG 71700 --- [main] org.hibernate.SQL                        : insert into payee (acc_num,bank_code,nick_name,account_id,type,id) values (?,?,?,?,?,default)
2024-08-10T16:58:53.658+01:00 DEBUG 71700 --- [main] org.hibernate.SQL                        : select b1_0.code,b1_0.name from bank b1_0 where b1_0.code=?
2024-08-10T16:58:53.658+01:00 DEBUG 71700 --- [main] org.hibernate.SQL                        : select b1_0.code,b1_0.name from bank b1_0 where b1_0.code=?
2024-08-10T16:58:59.569+01:00  INFO 71700 --- [http-nio-8080-exec-1] o.a.c.c.C.[Tomcat].[localhost].[/]       : Initializing Spring DispatcherServlet 'dispatcherServlet'
2024-08-10T16:58:59.570+01:00  INFO 71700 --- [http-nio-8080-exec-1] o.s.web.servlet.DispatcherServlet        : Initializing Servlet 'dispatcherServlet'
2024-08-10T16:58:59.571+01:00  INFO 71700 --- [http-nio-8080-exec-1] o.s.web.servlet.DispatcherServlet        : Completed initialization in 1 ms
2024-08-10T16:58:59.634+01:00  INFO 71700 --- [http-nio-8080-exec-1] c.e.b.s.t.m.c.TransferController         : Received Transfer Request : TransferRequest(payerAccNumber=ACC003, payeeAccNumber=OACC001, payeeBankName=HSBC, payeeBankCode=nw123, amount=100.00)
2024-08-10T16:58:59.634+01:00  INFO 71700 --- [http-nio-8080-exec-1] c.e.b.s.t.m.c.TransferController         : Logger level: null
2024-08-10T16:58:59.634+01:00  INFO 71700 --- [http-nio-8080-exec-1] c.e.b.s.t.m.s.TransferServiceSelector    : Payer Bankcode : nw123 Payee Bankcode:nw123
2024-08-10T16:58:59.634+01:00 DEBUG 71700 --- [http-nio-8080-exec-1] c.e.b.s.t.m.c.TransferController         : Selected transfer service: IntraBankTransferService$$SpringCGLIB$$0
2024-08-10T16:58:59.634+01:00  INFO 71700 --- [http-nio-8080-exec-1] .b.s.t.m.s.i.AbstractTransferServiceImpl : Started processing transfer for request: TransferRequest(payerAccNumber=ACC003, payeeAccNumber=OACC001, payeeBankName=HSBC, payeeBankCode=nw123, amount=100.00)
2024-08-10T16:58:59.636+01:00 DEBUG 71700 --- [http-nio-8080-exec-1] org.hibernate.SQL                        : select a1_0.acc_num,a1_0.balance,a1_0.bank_code,a1_0.holder_name from account a1_0 where a1_0.acc_num=?
2024-08-10T16:58:59.636+01:00  INFO 71700 --- [http-nio-8080-exec-1] .b.s.t.m.s.i.AbstractTransferServiceImpl : Finding the registered Payee with account num OACC001 for Payer Account ACC003
2024-08-10T16:58:59.667+01:00 DEBUG 71700 --- [http-nio-8080-exec-1] org.hibernate.SQL                        : select p1_0.id,p1_0.acc_num,p1_0.bank_code,p1_0.nick_name,p1_0.account_id,p1_0.type from payee p1_0 where p1_0.account_id=? and p1_0.acc_num=?
2024-08-10T16:58:59.669+01:00  INFO 71700 --- [http-nio-8080-exec-1] .b.s.t.m.s.i.AbstractTransferServiceImpl : Registered Payee for Payer Account ACC003 is hsbc123
2024-08-10T16:58:59.669+01:00  INFO 71700 --- [http-nio-8080-exec-1] c.e.b.s.t.m.s.i.IntraBankTransferService : Trying to execute intra-bank transfer from ACC003 to OACC001
2024-08-10T16:58:59.669+01:00  INFO 71700 --- [http-nio-8080-exec-1] c.e.b.s.t.m.s.i.IntraBankTransferService : Getting Payee account details with payeeAccountNum OACC001 
2024-08-10T16:58:59.669+01:00 DEBUG 71700 --- [http-nio-8080-exec-1] org.hibernate.SQL                        : select a1_0.acc_num,a1_0.balance,a1_0.bank_code,a1_0.holder_name from account a1_0 where a1_0.acc_num=?
2024-08-10T16:58:59.670+01:00 ERROR 71700 --- [http-nio-8080-exec-1] c.e.b.s.t.m.s.i.IntraBankTransferService : Transfer failed: Unable to find Payee account OACC001 
2024-08-10T16:59:17.739+01:00  INFO 71700 --- [RMI TCP Connection(2)-127.0.0.1] inMXBeanRegistrar$SpringApplicationAdmin : Application shutdown requested.
2024-08-10T16:59:17.744+01:00  INFO 71700 --- [RMI TCP Connection(2)-127.0.0.1] j.LocalContainerEntityManagerFactoryBean : Closing JPA EntityManagerFactory for persistence unit 'default'
2024-08-10T16:59:17.745+01:00 DEBUG 71700 --- [RMI TCP Connection(2)-127.0.0.1] org.hibernate.SQL                        : drop table if exists account cascade 
2024-08-10T16:59:17.746+01:00 DEBUG 71700 --- [RMI TCP Connection(2)-127.0.0.1] org.hibernate.SQL                        : drop table if exists bank cascade 
2024-08-10T16:59:17.746+01:00 DEBUG 71700 --- [RMI TCP Connection(2)-127.0.0.1] org.hibernate.SQL                        : drop table if exists payee cascade 
2024-08-10T16:59:17.746+01:00 DEBUG 71700 --- [RMI TCP Connection(2)-127.0.0.1] org.hibernate.SQL                        : drop table if exists transaction cascade 
2024-08-10T16:59:17.747+01:00  INFO 71700 --- [RMI TCP Connection(2)-127.0.0.1] com.zaxxer.hikari.HikariDataSource       : HikariPool-1 - Shutdown initiated...
2024-08-10T16:59:17.748+01:00  INFO 71700 --- [RMI TCP Connection(2)-127.0.0.1] com.zaxxer.hikari.HikariDataSource       : HikariPool-1 - Shutdown completed.
2024-08-10T16:59:20.812+01:00  INFO 71704 --- [main] c.e.b.s.t.m.MoneyTransferApplication     : Starting MoneyTransferApplication using Java 17.0.8.1 with PID 71704 (/Users/pravijasandeep/Documents/PravijaDocs/Projects/Spring/Banking Transfer Service/target/classes started by pravijasandeep in /Users/pravijasandeep/Documents/PravijaDocs/Projects/Spring/Banking Transfer Service)
2024-08-10T16:59:20.813+01:00 DEBUG 71704 --- [main] c.e.b.s.t.m.MoneyTransferApplication     : Running with Spring Boot v3.2.8, Spring v6.1.11
2024-08-10T16:59:20.813+01:00  INFO 71704 --- [main] c.e.b.s.t.m.MoneyTransferApplication     : No active profile set, falling back to 1 default profile: "default"
2024-08-10T16:59:21.036+01:00  INFO 71704 --- [main] .s.d.r.c.RepositoryConfigurationDelegate : Bootstrapping Spring Data JPA repositories in DEFAULT mode.
2024-08-10T16:59:21.057+01:00  INFO 71704 --- [main] .s.d.r.c.RepositoryConfigurationDelegate : Finished Spring Data repository scanning in 19 ms. Found 4 JPA repository interfaces.
2024-08-10T16:59:21.240+01:00  INFO 71704 --- [main] o.s.b.w.embedded.tomcat.TomcatWebServer  : Tomcat initialized with port 8080 (http)
2024-08-10T16:59:21.244+01:00  INFO 71704 --- [main] o.apache.catalina.core.StandardService   : Starting service [Tomcat]
2024-08-10T16:59:21.244+01:00  INFO 71704 --- [main] o.apache.catalina.core.StandardEngine    : Starting Servlet engine: [Apache Tomcat/10.1.26]
2024-08-10T16:59:21.263+01:00  INFO 71704 --- [main] o.a.c.c.C.[Tomcat].[localhost].[/]       : Initializing Spring embedded WebApplicationContext
2024-08-10T16:59:21.263+01:00  INFO 71704 --- [main] w.s.c.ServletWebServerApplicationContext : Root WebApplicationContext: initialization completed in 436 ms
2024-08-10T16:59:21.294+01:00  INFO 71704 --- [main] com.zaxxer.hikari.HikariDataSource       : HikariPool-1 - Starting...
2024-08-10T16:59:21.361+01:00  INFO 71704 --- [main] com.zaxxer.hikari.pool.HikariPool        : HikariPool-1 - Added connection conn0: url=jdbc:h2:mem:e97d5d89-152f-42e9-8fc2-c73853f8882d user=SA
2024-08-10T16:59:21.365+01:00  INFO 71704 --- [main] com.zaxxer.hikari.HikariDataSource       : HikariPool-1 - Start completed.
2024-08-10T16:59:21.407+01:00  INFO 71704 --- [main] o.hibernate.jpa.internal.util.LogHelper  : HHH000204: Processing PersistenceUnitInfo [name: default]
2024-08-10T16:59:21.428+01:00  INFO 71704 --- [main] org.hibernate.Version                    : HHH000412: Hibernate ORM core version 6.4.9.Final
2024-08-10T16:59:21.439+01:00  INFO 71704 --- [main] o.h.c.internal.RegionFactoryInitiator    : HHH000026: Second-level cache disabled
2024-08-10T16:59:21.511+01:00  INFO 71704 --- [main] o.s.o.j.p.SpringPersistenceUnitInfo      : No LoadTimeWeaver setup: ignoring JPA class transformer
2024-08-10T16:59:21.873+01:00  INFO 71704 --- [main] o.h.e.t.j.p.i.JtaPlatformInitiator       : HHH000489: No JTA platform available (set 'hibernate.transaction.jta.platform' to enable JTA platform integration)
2024-08-10T16:59:21.878+01:00 DEBUG 71704 --- [main] org.hibernate.SQL                        : drop table if exists account cascade 
2024-08-10T16:59:21.879+01:00 DEBUG 71704 --- [main] org.hibernate.SQL                        : drop table if exists bank cascade 
2024-08-10T16:59:21.880+01:00 DEBUG 71704 --- [main] org.hibernate.SQL                        : drop table if exists payee cascade 
2024-08-10T16:59:21.880+01:00 DEBUG 71704 --- [main] org.hibernate.SQL                        : drop table if exists transaction cascade 
2024-08-10T16:59:21.882+01:00 DEBUG 71704 --- [main] org.hibernate.SQL                        : create table account (balance numeric(38,2), bank_code varchar(10), acc_num varchar(255) not null, holder_name varchar(255), primary key (acc_num))
2024-08-10T16:59:21.883+01:00 DEBUG 71704 --- [main] org.hibernate.SQL                        : create table bank (code varchar(10) not null, name varchar(255) not null, primary key (code))
2024-08-10T16:59:21.883+01:00 DEBUG 71704 --- [main] org.hibernate.SQL                        : create table payee (type tinyint check (type between 0 and 1), id bigint generated by default as identity, bank_code varchar(10), acc_num varchar(255), account_id varchar(255), nick_name varchar(255), primary key (id))
2024-08-10T16:59:21.884+01:00 DEBUG 71704 --- [main] org.hibernate.SQL                        : create table transaction (amount numeric(38,2), status tinyint check (status between 0 and 2), id bigint generated by default as identity, payee_id bigint, timestamp timestamp(6), source_account_id varchar(255), type varchar(255), primary key (id))
2024-08-10T16:59:21.884+01:00 DEBUG 71704 --- [main] org.hibernate.SQL                        : alter table if exists account add constraint FKd92gwbdqditppi9vskw4762hn foreign key (bank_code) references bank
2024-08-10T16:59:21.885+01:00 DEBUG 71704 --- [main] org.hibernate.SQL                        : alter table if exists payee add constraint FK68pswlpvj9anxfu5mohd362tr foreign key (bank_code) references bank
2024-08-10T16:59:21.885+01:00 DEBUG 71704 --- [main] org.hibernate.SQL                        : alter table if exists payee add constraint FKrt46jfroxkilyhgdxbg29kor9 foreign key (account_id) references account
2024-08-10T16:59:21.886+01:00 DEBUG 71704 --- [main] org.hibernate.SQL                        : alter table if exists transaction add constraint FK6ysw7ksvi2ahp0j2crslguy7o foreign key (payee_id) references payee
2024-08-10T16:59:21.887+01:00 DEBUG 71704 --- [main] org.hibernate.SQL                        : alter table if exists transaction add constraint FK25e716ukpqahttjt6c487lrer foreign key (source_account_id) references account
2024-08-10T16:59:21.888+01:00  INFO 71704 --- [main] j.LocalContainerEntityManagerFactoryBean : Initialized JPA EntityManagerFactory for persistence unit 'default'
2024-08-10T16:59:22.032+01:00  WARN 71704 --- [main] JpaBaseConfiguration$JpaWebConfiguration : spring.jpa.open-in-view is enabled by default. Therefore, database queries may be performed during view rendering. Explicitly configure spring.jpa.open-in-view to disable this warning
2024-08-10T16:59:22.163+01:00  INFO 71704 --- [main] o.s.b.w.embedded.tomcat.TomcatWebServer  : Tomcat started on port 8080 (http) with context path ''
2024-08-10T16:59:22.168+01:00  INFO 71704 --- [main] c.e.b.s.t.m.MoneyTransferApplication     : Started MoneyTransferApplication in 1.495 seconds (process running for 1.755)
2024-08-10T16:59:22.186+01:00 DEBUG 71704 --- [main] org.hibernate.SQL                        : select b1_0.code,b1_0.name,a1_0.bank_code,a1_0.acc_num,a1_0.balance,a1_0.holder_name from bank b1_0 left join account a1_0 on b1_0.code=a1_0.bank_code where b1_0.code=?
2024-08-10T16:59:22.202+01:00 DEBUG 71704 --- [main] org.hibernate.SQL                        : insert into bank (name,code) values (?,?)
2024-08-10T16:59:22.204+01:00 DEBUG 71704 --- [main] org.hibernate.SQL                        : select b1_0.code,b1_0.name,a1_0.bank_code,a1_0.acc_num,a1_0.balance,a1_0.holder_name from bank b1_0 left join account a1_0 on b1_0.code=a1_0.bank_code where b1_0.code=?
2024-08-10T16:59:22.205+01:00 DEBUG 71704 --- [main] org.hibernate.SQL                        : insert into bank (name,code) values (?,?)
2024-08-10T16:59:22.206+01:00 DEBUG 71704 --- [main] org.hibernate.SQL                        : select a1_0.acc_num,a1_0.balance,a1_0.bank_code,a1_0.holder_name,p1_0.account_id,p1_0.id,p1_0.acc_num,p1_0.bank_code,p1_0.nick_name,p1_0.type from account a1_0 left join payee p1_0 on a1_0.acc_num=p1_0.account_id where a1_0.acc_num=?
2024-08-10T16:59:22.210+01:00 DEBUG 71704 --- [main] org.hibernate.SQL                        : insert into account (balance,bank_code,holder_name,acc_num) values (?,?,?,?)
2024-08-10T16:59:22.212+01:00 DEBUG 71704 --- [main] org.hibernate.SQL                        : select a1_0.acc_num,a1_0.balance,a1_0.bank_code,a1_0.holder_name,p1_0.account_id,p1_0.id,p1_0.acc_num,p1_0.bank_code,p1_0.nick_name,p1_0.type from account a1_0 left join payee p1_0 on a1_0.acc_num=p1_0.account_id where a1_0.acc_num=?
2024-08-10T16:59:22.212+01:00 DEBUG 71704 --- [main] org.hibernate.SQL                        : insert into account (balance,bank_code,holder_name,acc_num) values (?,?,?,?)
2024-08-10T16:59:22.213+01:00 DEBUG 71704 --- [main] org.hibernate.SQL                        : select a1_0.acc_num,a1_0.balance,a1_0.bank_code,a1_0.holder_name,p1_0.account_id,p1_0.id,p1_0.acc_num,p1_0.bank_code,p1_0.nick_name,p1_0.type from account a1_0 left join payee p1_0 on a1_0.acc_num=p1_0.account_id where a1_0.acc_num=?
2024-08-10T16:59:22.213+01:00 DEBUG 71704 --- [main] org.hibernate.SQL                        : insert into account (balance,bank_code,holder_name,acc_num) values (?,?,?,?)
2024-08-10T16:59:22.214+01:00 DEBUG 71704 --- [main] org.hibernate.SQL                        : select a1_0.acc_num,a1_0.balance,a1_0.bank_code,a1_0.holder_name,p1_0.account_id,p1_0.id,p1_0.acc_num,p1_0.bank_code,p1_0.nick_name,p1_0.type from account a1_0 left join payee p1_0 on a1_0.acc_num=p1_0.account_id where a1_0.acc_num=?
2024-08-10T16:59:22.217+01:00 DEBUG 71704 --- [main] org.hibernate.SQL                        : insert into payee (acc_num,bank_code,nick_name,account_id,type,id) values (?,?,?,?,?,default)
2024-08-10T16:59:22.218+01:00 DEBUG 71704 --- [main] org.hibernate.SQL                        : insert into payee (acc_num,bank_code,nick_name,account_id,type,id) values (?,?,?,?,?,default)
2024-08-10T16:59:22.219+01:00 DEBUG 71704 --- [main] org.hibernate.SQL                        : select b1_0.code,b1_0.name from bank b1_0 where b1_0.code=?
2024-08-10T16:59:22.220+01:00 DEBUG 71704 --- [main] org.hibernate.SQL                        : select b1_0.code,b1_0.name from bank b1_0 where b1_0.code=?
2024-08-10T16:59:22.222+01:00 DEBUG 71704 --- [main] org.hibernate.SQL                        : select a1_0.acc_num,a1_0.balance,a1_0.bank_code,a1_0.holder_name,p1_0.account_id,p1_0.id,p1_0.acc_num,p1_0.bank_code,p1_0.nick_name,p1_0.type from account a1_0 left join payee p1_0 on a1_0.acc_num=p1_0.account_id where a1_0.acc_num=?
2024-08-10T16:59:22.223+01:00 DEBUG 71704 --- [main] org.hibernate.SQL                        : insert into payee (acc_num,bank_code,nick_name,account_id,type,id) values (?,?,?,?,?,default)
2024-08-10T16:59:22.223+01:00 DEBUG 71704 --- [main] org.hibernate.SQL                        : select b1_0.code,b1_0.name from bank b1_0 where b1_0.code=?
2024-08-10T16:59:22.223+01:00 DEBUG 71704 --- [main] org.hibernate.SQL                        : select b1_0.code,b1_0.name from bank b1_0 where b1_0.code=?
2024-08-10T16:59:28.211+01:00  INFO 71704 --- [http-nio-8080-exec-2] o.a.c.c.C.[Tomcat].[localhost].[/]       : Initializing Spring DispatcherServlet 'dispatcherServlet'
2024-08-10T16:59:28.211+01:00  INFO 71704 --- [http-nio-8080-exec-2] o.s.web.servlet.DispatcherServlet        : Initializing Servlet 'dispatcherServlet'
2024-08-10T16:59:28.212+01:00  INFO 71704 --- [http-nio-8080-exec-2] o.s.web.servlet.DispatcherServlet        : Completed initialization in 1 ms
2024-08-10T16:59:28.274+01:00  INFO 71704 --- [http-nio-8080-exec-2] c.e.b.s.t.m.c.TransferController         : Received Transfer Request : TransferRequest(payerAccNumber=ACC003, payeeAccNumber=OACC001, payeeBankName=HSBC, payeeBankCode=nw123, amount=100.00)
2024-08-10T16:59:28.275+01:00  INFO 71704 --- [http-nio-8080-exec-2] c.e.b.s.t.m.c.TransferController         : Logger level: null
2024-08-10T16:59:28.275+01:00  INFO 71704 --- [http-nio-8080-exec-2] c.e.b.s.t.m.s.TransferServiceSelector    : Payer Bankcode : nw123 Payee Bankcode:nw123
2024-08-10T16:59:28.275+01:00 DEBUG 71704 --- [http-nio-8080-exec-2] c.e.b.s.t.m.c.TransferController         : Selected transfer service: IntraBankTransferService$$SpringCGLIB$$0
2024-08-10T16:59:28.275+01:00  INFO 71704 --- [http-nio-8080-exec-2] .b.s.t.m.s.i.AbstractTransferServiceImpl : Started processing transfer for request: TransferRequest(payerAccNumber=ACC003, payeeAccNumber=OACC001, payeeBankName=HSBC, payeeBankCode=nw123, amount=100.00)
2024-08-10T16:59:28.276+01:00 DEBUG 71704 --- [http-nio-8080-exec-2] org.hibernate.SQL                        : select a1_0.acc_num,a1_0.balance,a1_0.bank_code,a1_0.holder_name from account a1_0 where a1_0.acc_num=?
2024-08-10T16:59:28.277+01:00  INFO 71704 --- [http-nio-8080-exec-2] .b.s.t.m.s.i.AbstractTransferServiceImpl : Finding the registered Payee with account num OACC001 for Payer Account ACC003
2024-08-10T16:59:28.308+01:00 DEBUG 71704 --- [http-nio-8080-exec-2] org.hibernate.SQL                        : select p1_0.id,p1_0.acc_num,p1_0.bank_code,p1_0.nick_name,p1_0.account_id,p1_0.type from payee p1_0 where p1_0.account_id=? and p1_0.acc_num=?
2024-08-10T16:59:28.310+01:00  INFO 71704 --- [http-nio-8080-exec-2] .b.s.t.m.s.i.AbstractTransferServiceImpl : Registered Payee for Payer Account ACC003 is hsbc123
2024-08-10T16:59:28.310+01:00  INFO 71704 --- [http-nio-8080-exec-2] c.e.b.s.t.m.s.i.IntraBankTransferService : Trying to execute intra-bank transfer from ACC003 to OACC001
2024-08-10T16:59:28.310+01:00  INFO 71704 --- [http-nio-8080-exec-2] c.e.b.s.t.m.s.i.IntraBankTransferService : Getting Payee account details with payeeAccountNum OACC001 
2024-08-10T16:59:28.310+01:00 DEBUG 71704 --- [http-nio-8080-exec-2] org.hibernate.SQL                        : select a1_0.acc_num,a1_0.balance,a1_0.bank_code,a1_0.holder_name from account a1_0 where a1_0.acc_num=?
2024-08-10T16:59:28.310+01:00 ERROR 71704 --- [http-nio-8080-exec-2] c.e.b.s.t.m.s.i.IntraBankTransferService : Transfer failed: Unable to find Payee account OACC001 
2024-08-10T18:34:05.388+01:00  INFO 71704 --- [RMI TCP Connection(99)-127.0.0.1] inMXBeanRegistrar$SpringApplicationAdmin : Application shutdown requested.
2024-08-10T18:34:05.399+01:00  INFO 71704 --- [RMI TCP Connection(99)-127.0.0.1] j.LocalContainerEntityManagerFactoryBean : Closing JPA EntityManagerFactory for persistence unit 'default'
2024-08-10T18:34:05.400+01:00 DEBUG 71704 --- [RMI TCP Connection(99)-127.0.0.1] org.hibernate.SQL                        : drop table if exists account cascade 
2024-08-10T18:34:05.401+01:00 DEBUG 71704 --- [RMI TCP Connection(99)-127.0.0.1] org.hibernate.SQL                        : drop table if exists bank cascade 
2024-08-10T18:34:05.401+01:00 DEBUG 71704 --- [RMI TCP Connection(99)-127.0.0.1] org.hibernate.SQL                        : drop table if exists payee cascade 
2024-08-10T18:34:05.401+01:00 DEBUG 71704 --- [RMI TCP Connection(99)-127.0.0.1] org.hibernate.SQL                        : drop table if exists transaction cascade 
2024-08-10T18:34:05.403+01:00  INFO 71704 --- [RMI TCP Connection(99)-127.0.0.1] com.zaxxer.hikari.HikariDataSource       : HikariPool-1 - Shutdown initiated...
2024-08-10T18:34:05.404+01:00  INFO 71704 --- [RMI TCP Connection(99)-127.0.0.1] com.zaxxer.hikari.HikariDataSource       : HikariPool-1 - Shutdown completed.
2024-08-10T18:42:08.698+01:00  INFO 73375 --- [main] c.e.b.s.t.m.c.TransferControllerTest     : Starting TransferControllerTest using Java 17.0.8.1 with PID 73375 (started by pravijasandeep in /Users/pravijasandeep/Documents/PravijaDocs/Projects/Spring/Banking Transfer Service)
2024-08-10T18:42:08.700+01:00 DEBUG 73375 --- [main] c.e.b.s.t.m.c.TransferControllerTest     : Running with Spring Boot v3.2.8, Spring v6.1.11
2024-08-10T18:42:08.700+01:00  INFO 73375 --- [main] c.e.b.s.t.m.c.TransferControllerTest     : No active profile set, falling back to 1 default profile: "default"
2024-08-10T18:42:09.529+01:00  INFO 73375 --- [main] o.s.b.t.m.w.SpringBootMockServletContext : Initializing Spring TestDispatcherServlet ''
2024-08-10T18:42:09.529+01:00  INFO 73375 --- [main] o.s.t.web.servlet.TestDispatcherServlet  : Initializing Servlet ''
2024-08-10T18:42:09.530+01:00  INFO 73375 --- [main] o.s.t.web.servlet.TestDispatcherServlet  : Completed initialization in 1 ms
2024-08-10T18:42:09.555+01:00  INFO 73375 --- [main] c.e.b.s.t.m.c.TransferControllerTest     : Started TransferControllerTest in 1.103 seconds (process running for 5.104)
2024-08-10T18:42:09.936+01:00  INFO 73375 --- [main] c.e.b.s.t.m.c.TransferController         : Received Transfer Request : TransferRequest(payerAccNumber=payerAccNumber123, payeeAccNumber=payeeAccNumber456, payeeBankName=Payee Bank, payeeBankCode=PayeeBankCode, amount=100.0)
2024-08-10T18:42:09.945+01:00 DEBUG 73375 --- [main] c.e.b.s.t.m.c.TransferController         : Selected transfer service: TransferService$MockitoMock$MWnLzcPz
2024-08-10T18:42:10.069+01:00  INFO 73375 --- [main] c.e.b.s.t.m.c.TransferController         : Received Transfer Request : TransferRequest(payerAccNumber=payerAccNumber123, payeeAccNumber=payeeAccNumber456, payeeBankName=Payee Bank, payeeBankCode=PayeeBankCode, amount=100.0)
2024-08-10T18:42:10.070+01:00 DEBUG 73375 --- [main] c.e.b.s.t.m.c.TransferController         : Selected transfer service: TransferService$MockitoMock$MWnLzcPz
2024-08-10T18:42:10.080+01:00  INFO 73375 --- [main] c.e.b.s.t.m.c.TransferController         : Received Transfer Request : TransferRequest(payerAccNumber=payerAccNumber123, payeeAccNumber=payeeAccNumber456, payeeBankName=Payee Bank, payeeBankCode=PayeeBankCode, amount=100.0)
2024-08-10T18:42:10.080+01:00 DEBUG 73375 --- [main] c.e.b.s.t.m.c.TransferController         : Selected transfer service: TransferService$MockitoMock$MWnLzcPz
2024-08-10T18:42:10.099+01:00  INFO 73375 --- [main] c.e.b.s.t.m.c.TransferController         : Received Transfer Request : TransferRequest(payerAccNumber=payerAccNumber123, payeeAccNumber=payeeAccNumber456, payeeBankName=Payee Bank, payeeBankCode=PayeeBankCode, amount=100.0)
2024-08-10T18:42:10.099+01:00 DEBUG 73375 --- [main] c.e.b.s.t.m.c.TransferController         : Selected transfer service: TransferService$MockitoMock$MWnLzcPz
2024-08-10T18:42:10.108+01:00  INFO 73375 --- [main] c.e.b.s.t.m.c.TransferController         : Received Transfer Request : TransferRequest(payerAccNumber=payerAccNumber123, payeeAccNumber=payeeAccNumber456, payeeBankName=Payee Bank, payeeBankCode=PayeeBankCode, amount=100.0)
2024-08-10T18:42:10.108+01:00 DEBUG 73375 --- [main] c.e.b.s.t.m.c.TransferController         : Selected transfer service: TransferService$MockitoMock$MWnLzcPz
2024-08-10T18:42:10.141+01:00  INFO 73375 --- [main] t.c.s.AnnotationConfigContextLoaderUtils : Could not detect default configuration classes for test class [com.exercise.banking.service.transfer.money.service.TransferServiceTest]: TransferServiceTest does not declare any static, non-private, non-final, nested classes annotated with @Configuration.
2024-08-10T18:42:10.157+01:00  INFO 73375 --- [main] .b.t.c.SpringBootTestContextBootstrapper : Found @SpringBootConfiguration com.exercise.banking.service.transfer.money.MoneyTransferApplication for test class com.exercise.banking.service.transfer.money.service.TransferServiceTest
2024-08-10T18:42:10.332+01:00  INFO 73375 --- [main] c.e.b.s.t.m.service.TransferServiceTest  : Starting TransferServiceTest using Java 17.0.8.1 with PID 73375 (started by pravijasandeep in /Users/pravijasandeep/Documents/PravijaDocs/Projects/Spring/Banking Transfer Service)
2024-08-10T18:42:10.332+01:00 DEBUG 73375 --- [main] c.e.b.s.t.m.service.TransferServiceTest  : Running with Spring Boot v3.2.8, Spring v6.1.11
2024-08-10T18:42:10.332+01:00  INFO 73375 --- [main] c.e.b.s.t.m.service.TransferServiceTest  : No active profile set, falling back to 1 default profile: "default"
2024-08-10T18:42:10.395+01:00  INFO 73375 --- [main] .s.d.r.c.RepositoryConfigurationDelegate : Bootstrapping Spring Data JPA repositories in DEFAULT mode.
2024-08-10T18:42:10.405+01:00  INFO 73375 --- [main] .s.d.r.c.RepositoryConfigurationDelegate : Finished Spring Data repository scanning in 9 ms. Found 4 JPA repository interfaces.
2024-08-10T18:42:10.421+01:00  INFO 73375 --- [main] beddedDataSourceBeanFactoryPostProcessor : Replacing 'dataSource' DataSource bean with embedded version
2024-08-10T18:42:10.445+01:00  INFO 73375 --- [main] o.s.j.d.e.EmbeddedDatabaseFactory        : Starting embedded database: url='jdbc:h2:mem:8c3adb17-4d95-4041-944d-8e798fca4427;DB_CLOSE_DELAY=-1;DB_CLOSE_ON_EXIT=false', username='sa'
2024-08-10T18:42:10.476+01:00  INFO 73375 --- [main] o.hibernate.jpa.internal.util.LogHelper  : HHH000204: Processing PersistenceUnitInfo [name: default]
2024-08-10T18:42:10.480+01:00  INFO 73375 --- [main] o.h.c.internal.RegionFactoryInitiator    : HHH000026: Second-level cache disabled
2024-08-10T18:42:10.484+01:00  INFO 73375 --- [main] o.s.o.j.p.SpringPersistenceUnitInfo      : No LoadTimeWeaver setup: ignoring JPA class transformer
2024-08-10T18:42:10.573+01:00  INFO 73375 --- [main] o.h.e.t.j.p.i.JtaPlatformInitiator       : HHH000489: No JTA platform available (set 'hibernate.transaction.jta.platform' to enable JTA platform integration)
2024-08-10T18:42:10.575+01:00 DEBUG 73375 --- [main] org.hibernate.SQL                        : drop table if exists account cascade 
2024-08-10T18:42:10.576+01:00 DEBUG 73375 --- [main] org.hibernate.SQL                        : drop table if exists bank cascade 
2024-08-10T18:42:10.577+01:00 DEBUG 73375 --- [main] org.hibernate.SQL                        : drop table if exists payee cascade 
2024-08-10T18:42:10.577+01:00 DEBUG 73375 --- [main] org.hibernate.SQL                        : drop table if exists transaction cascade 
2024-08-10T18:42:10.578+01:00 DEBUG 73375 --- [main] org.hibernate.SQL                        : create table account (balance numeric(38,2), bank_code varchar(10), acc_num varchar(255) not null, holder_name varchar(255), primary key (acc_num))
2024-08-10T18:42:10.579+01:00 DEBUG 73375 --- [main] org.hibernate.SQL                        : create table bank (code varchar(10) not null, name varchar(255) not null, primary key (code))
2024-08-10T18:42:10.580+01:00 DEBUG 73375 --- [main] org.hibernate.SQL                        : create table payee (type tinyint check (type between 0 and 1), id bigint generated by default as identity, bank_code varchar(10), acc_num varchar(255), account_id varchar(255), nick_name varchar(255), primary key (id))
2024-08-10T18:42:10.581+01:00 DEBUG 73375 --- [main] org.hibernate.SQL                        : create table transaction (amount numeric(38,2), status tinyint check (status between 0 and 2), id bigint generated by default as identity, payee_id bigint, timestamp timestamp(6), source_account_id varchar(255), type varchar(255), primary key (id))
2024-08-10T18:42:10.582+01:00 DEBUG 73375 --- [main] org.hibernate.SQL                        : alter table if exists account add constraint FKd92gwbdqditppi9vskw4762hn foreign key (bank_code) references bank
2024-08-10T18:42:10.583+01:00 DEBUG 73375 --- [main] org.hibernate.SQL                        : alter table if exists payee add constraint FK68pswlpvj9anxfu5mohd362tr foreign key (bank_code) references bank
2024-08-10T18:42:10.584+01:00 DEBUG 73375 --- [main] org.hibernate.SQL                        : alter table if exists payee add constraint FKrt46jfroxkilyhgdxbg29kor9 foreign key (account_id) references account
2024-08-10T18:42:10.585+01:00 DEBUG 73375 --- [main] org.hibernate.SQL                        : alter table if exists transaction add constraint FK6ysw7ksvi2ahp0j2crslguy7o foreign key (payee_id) references payee
2024-08-10T18:42:10.586+01:00 DEBUG 73375 --- [main] org.hibernate.SQL                        : alter table if exists transaction add constraint FK25e716ukpqahttjt6c487lrer foreign key (source_account_id) references account
2024-08-10T18:42:10.588+01:00  INFO 73375 --- [main] j.LocalContainerEntityManagerFactoryBean : Initialized JPA EntityManagerFactory for persistence unit 'default'
2024-08-10T18:42:10.656+01:00  INFO 73375 --- [main] c.e.b.s.t.m.service.TransferServiceTest  : Started TransferServiceTest in 0.345 seconds (process running for 6.205)
2024-08-10T18:42:10.673+01:00  INFO 73375 --- [main] c.e.b.s.t.m.service.TransferServiceTest  : #######TEST FOR TRANSFER BETWEEN SAME ACCOUNTS ##########
2024-08-10T18:42:10.681+01:00  INFO 73375 --- [main] .b.s.t.m.s.i.AbstractTransferServiceImpl : Started processing transfer for request: TransferRequest(payerAccNumber=ACC001, payeeAccNumber=ACC001, payeeBankName=testBank1, payeeBankCode=testCode1, amount=100.00)
2024-08-10T18:42:10.689+01:00  INFO 73375 --- [main] c.e.b.s.t.m.service.TransferServiceTest  : #######TEST FOR INTRA BANK TRANSFER##########
2024-08-10T18:42:10.691+01:00  INFO 73375 --- [main] .b.s.t.m.s.i.AbstractTransferServiceImpl : Started processing transfer for request: TransferRequest(payerAccNumber=ACC001, payeeAccNumber=ACC002, payeeBankName=testBank1, payeeBankCode=testCode1, amount=100.00)
2024-08-10T18:42:10.691+01:00  INFO 73375 --- [main] .b.s.t.m.s.i.AbstractTransferServiceImpl : Finding the registered Payee with account num ACC002 for Payer Account ACC001
2024-08-10T18:42:10.691+01:00  INFO 73375 --- [main] .b.s.t.m.s.i.AbstractTransferServiceImpl : Registered Payee for Payer Account ACC001 is testCode1
2024-08-10T18:42:10.691+01:00  INFO 73375 --- [main] c.e.b.s.t.m.s.i.IntraBankTransferService : Trying to execute intra-bank transfer from ACC001 to ACC002
2024-08-10T18:42:10.691+01:00  INFO 73375 --- [main] c.e.b.s.t.m.s.i.IntraBankTransferService : Getting Payee account details with payeeAccountNum ACC002 
2024-08-10T18:42:10.692+01:00  INFO 73375 --- [main] .b.s.t.m.s.i.AbstractTransferServiceImpl : Debiting 100.00 from payer Account: ACC001 with balance: 1000.00
2024-08-10T18:42:10.692+01:00  INFO 73375 --- [main] .b.s.t.m.s.i.AbstractTransferServiceImpl : Updating balance of 'ACC001' to '900.00'.
2024-08-10T18:42:10.692+01:00  INFO 73375 --- [main] .b.s.t.m.s.i.AbstractTransferServiceImpl : Transaction 1234567978 recorded successfully
2024-08-10T18:42:10.692+01:00  INFO 73375 --- [main] c.e.b.s.t.m.s.i.IntraBankTransferService : Txn: 1234567978 Payee Account ACC002 balance updated to 300.00
2024-08-10T18:42:10.692+01:00  INFO 73375 --- [main] c.e.b.s.t.m.s.i.IntraBankTransferService : Txn: 1234567978 Transfer of 100.00 completed successfully from Payer account: ACC001 to Payee account: ACC002
2024-08-10T18:42:10.699+01:00  INFO 73375 --- [main] c.e.b.s.t.m.service.TransferServiceTest  : ####### TEST FOR INTRA BANK TRANSFER FAILURE ##########
2024-08-10T18:42:10.700+01:00  INFO 73375 --- [main] .b.s.t.m.s.i.AbstractTransferServiceImpl : Started processing transfer for request: TransferRequest(payerAccNumber=ACC001, payeeAccNumber=ACC002, payeeBankName=testBank1, payeeBankCode=testCode1, amount=100.00)
2024-08-10T18:42:10.700+01:00  INFO 73375 --- [main] .b.s.t.m.s.i.AbstractTransferServiceImpl : Finding the registered Payee with account num ACC002 for Payer Account ACC001
2024-08-10T18:42:10.700+01:00  INFO 73375 --- [main] .b.s.t.m.s.i.AbstractTransferServiceImpl : Registered Payee for Payer Account ACC001 is testCode1
2024-08-10T18:42:10.701+01:00  INFO 73375 --- [main] c.e.b.s.t.m.s.i.IntraBankTransferService : Trying to execute intra-bank transfer from ACC001 to ACC002
2024-08-10T18:42:10.701+01:00  INFO 73375 --- [main] c.e.b.s.t.m.s.i.IntraBankTransferService : Getting Payee account details with payeeAccountNum ACC002 
2024-08-10T18:42:10.701+01:00  INFO 73375 --- [main] .b.s.t.m.s.i.AbstractTransferServiceImpl : Debiting 100.00 from payer Account: ACC001 with balance: 1000.00
2024-08-10T18:42:10.701+01:00  INFO 73375 --- [main] .b.s.t.m.s.i.AbstractTransferServiceImpl : Updating balance of 'ACC001' to '900.00'.
2024-08-10T18:42:10.701+01:00 ERROR 73375 --- [main] .b.s.t.m.s.i.AbstractTransferServiceImpl : Transaction failed for payer account ACC001 due to exception Simulated database failure

java.lang.RuntimeException: Simulated database failure
	at com.exercise.banking.service.transfer.money.service.impl.AbstractTransferServiceImpl.updatePayerAccountBalance(AbstractTransferServiceImpl.java:171) ~[classes/:na]
	at com.exercise.banking.service.transfer.money.service.impl.AbstractTransferServiceImpl.recordTransaction(AbstractTransferServiceImpl.java:123) ~[classes/:na]
	at com.exercise.banking.service.transfer.money.service.impl.IntraBankTransferService.executeTransfer(IntraBankTransferService.java:33) ~[classes/:na]
	at com.exercise.banking.service.transfer.money.service.impl.AbstractTransferServiceImpl.performTransfer(AbstractTransferServiceImpl.java:51) ~[classes/:na]
	at com.exercise.banking.service.transfer.money.service.TransferServiceTest.lambda$testIntraBankTransferFailure$0(TransferServiceTest.java:151) ~[test-classes/:na]
	at org.junit.jupiter.api.AssertThrows.assertThrows(AssertThrows.java:53) ~[junit-jupiter-api-5.10.3.jar:5.10.3]
	at org.junit.jupiter.api.AssertThrows.assertThrows(AssertThrows.java:35) ~[junit-jupiter-api-5.10.3.jar:5.10.3]
	at org.junit.jupiter.api.Assertions.assertThrows(Assertions.java:3115) ~[junit-jupiter-api-5.10.3.jar:5.10.3]
	at com.exercise.banking.service.transfer.money.service.TransferServiceTest.testIntraBankTransferFailure(TransferServiceTest.java:151) ~[test-classes/:na]
	at java.base/jdk.internal.reflect.NativeMethodAccessorImpl.invoke0(Native Method) ~[na:na]
	at java.base/jdk.internal.reflect.NativeMethodAccessorImpl.invoke(NativeMethodAccessorImpl.java:77) ~[na:na]
	at java.base/jdk.internal.reflect.DelegatingMethodAccessorImpl.invoke(DelegatingMethodAccessorImpl.java:43) ~[na:na]
	at java.base/java.lang.reflect.Method.invoke(Method.java:568) ~[na:na]
	at org.junit.platform.commons.util.ReflectionUtils.invokeMethod(ReflectionUtils.java:728) ~[junit-platform-commons-1.10.3.jar:1.10.3]
	at org.junit.jupiter.engine.execution.MethodInvocation.proceed(MethodInvocation.java:60) ~[junit-jupiter-engine-5.10.3.jar:5.10.3]
	at org.junit.jupiter.engine.execution.InvocationInterceptorChain$ValidatingInvocation.proceed(InvocationInterceptorChain.java:131) ~[junit-jupiter-engine-5.10.3.jar:5.10.3]
	at org.junit.jupiter.engine.extension.TimeoutExtension.intercept(TimeoutExtension.java:156) ~[junit-jupiter-engine-5.10.3.jar:5.10.3]
	at org.junit.jupiter.engine.extension.TimeoutExtension.interceptTestableMethod(TimeoutExtension.java:147) ~[junit-jupiter-engine-5.10.3.jar:5.10.3]
	at org.junit.jupiter.engine.extension.TimeoutExtension.interceptTestMethod(TimeoutExtension.java:86) ~[junit-jupiter-engine-5.10.3.jar:5.10.3]
	at org.junit.jupiter.engine.execution.InterceptingExecutableInvoker$ReflectiveInterceptorCall.lambda$ofVoidMethod$0(InterceptingExecutableInvoker.java:103) ~[junit-jupiter-engine-5.10.3.jar:5.10.3]
	at org.junit.jupiter.engine.execution.InterceptingExecutableInvoker.lambda$invoke$0(InterceptingExecutableInvoker.java:93) ~[junit-jupiter-engine-5.10.3.jar:5.10.3]
	at org.junit.jupiter.engine.execution.InvocationInterceptorChain$InterceptedInvocation.proceed(InvocationInterceptorChain.java:106) ~[junit-jupiter-engine-5.10.3.jar:5.10.3]
	at org.junit.jupiter.engine.execution.InvocationInterceptorChain.proceed(InvocationInterceptorChain.java:64) ~[junit-jupiter-engine-5.10.3.jar:5.10.3]
	at org.junit.jupiter.engine.execution.InvocationInterceptorChain.chainAndInvoke(InvocationInterceptorChain.java:45) ~[junit-jupiter-engine-5.10.3.jar:5.10.3]
	at org.junit.jupiter.engine.execution.InvocationInterceptorChain.invoke(InvocationInterceptorChain.java:37) ~[junit-jupiter-engine-5.10.3.jar:5.10.3]
	at org.junit.jupiter.engine.execution.InterceptingExecutableInvoker.invoke(InterceptingExecutableInvoker.java:92) ~[junit-jupiter-engine-5.10.3.jar:5.10.3]
	at org.junit.jupiter.engine.execution.InterceptingExecutableInvoker.invoke(InterceptingExecutableInvoker.java:86) ~[junit-jupiter-engine-5.10.3.jar:5.10.3]
	at org.junit.jupiter.engine.descriptor.TestMethodTestDescriptor.lambda$invokeTestMethod$7(TestMethodTestDescriptor.java:218) ~[junit-jupiter-engine-5.10.3.jar:5.10.3]
	at org.junit.platform.engine.support.hierarchical.ThrowableCollector.execute(ThrowableCollector.java:73) ~[junit-platform-engine-1.10.3.jar:1.10.3]
	at org.junit.jupiter.engine.descriptor.TestMethodTestDescriptor.invokeTestMethod(TestMethodTestDescriptor.java:214) ~[junit-jupiter-engine-5.10.3.jar:5.10.3]
	at org.junit.jupiter.engine.descriptor.TestMethodTestDescriptor.execute(TestMethodTestDescriptor.java:139) ~[junit-jupiter-engine-5.10.3.jar:5.10.3]
	at org.junit.jupiter.engine.descriptor.TestMethodTestDescriptor.execute(TestMethodTestDescriptor.java:69) ~[junit-jupiter-engine-5.10.3.jar:5.10.3]
	at org.junit.platform.engine.support.hierarchical.NodeTestTask.lambda$executeRecursively$6(NodeTestTask.java:151) ~[junit-platform-engine-1.10.3.jar:1.10.3]
	at org.junit.platform.engine.support.hierarchical.ThrowableCollector.execute(ThrowableCollector.java:73) ~[junit-platform-engine-1.10.3.jar:1.10.3]
	at org.junit.platform.engine.support.hierarchical.NodeTestTask.lambda$executeRecursively$8(NodeTestTask.java:141) ~[junit-platform-engine-1.10.3.jar:1.10.3]
	at org.junit.platform.engine.support.hierarchical.Node.around(Node.java:137) ~[junit-platform-engine-1.10.3.jar:1.10.3]
	at org.junit.platform.engine.support.hierarchical.NodeTestTask.lambda$executeRecursively$9(NodeTestTask.java:139) ~[junit-platform-engine-1.10.3.jar:1.10.3]
	at org.junit.platform.engine.support.hierarchical.ThrowableCollector.execute(ThrowableCollector.java:73) ~[junit-platform-engine-1.10.3.jar:1.10.3]
	at org.junit.platform.engine.support.hierarchical.NodeTestTask.executeRecursively(NodeTestTask.java:138) ~[junit-platform-engine-1.10.3.jar:1.10.3]
	at org.junit.platform.engine.support.hierarchical.NodeTestTask.execute(NodeTestTask.java:95) ~[junit-platform-engine-1.10.3.jar:1.10.3]
	at java.base/java.util.ArrayList.forEach(ArrayList.java:1511) ~[na:na]
	at org.junit.platform.engine.support.hierarchical.SameThreadHierarchicalTestExecutorService.invokeAll(SameThreadHierarchicalTestExecutorService.java:41) ~[junit-platform-engine-1.10.3.jar:1.10.3]
	at org.junit.platform.engine.support.hierarchical.NodeTestTask.lambda$executeRecursively$6(NodeTestTask.java:155) ~[junit-platform-engine-1.10.3.jar:1.10.3]
	at org.junit.platform.engine.support.hierarchical.ThrowableCollector.execute(ThrowableCollector.java:73) ~[junit-platform-engine-1.10.3.jar:1.10.3]
	at org.junit.platform.engine.support.hierarchical.NodeTestTask.lambda$executeRecursively$8(NodeTestTask.java:141) ~[junit-platform-engine-1.10.3.jar:1.10.3]
	at org.junit.platform.engine.support.hierarchical.Node.around(Node.java:137) ~[junit-platform-engine-1.10.3.jar:1.10.3]
	at org.junit.platform.engine.support.hierarchical.NodeTestTask.lambda$executeRecursively$9(NodeTestTask.java:139) ~[junit-platform-engine-1.10.3.jar:1.10.3]
	at org.junit.platform.engine.support.hierarchical.ThrowableCollector.execute(ThrowableCollector.java:73) ~[junit-platform-engine-1.10.3.jar:1.10.3]
	at org.junit.platform.engine.support.hierarchical.NodeTestTask.executeRecursively(NodeTestTask.java:138) ~[junit-platform-engine-1.10.3.jar:1.10.3]
	at org.junit.platform.engine.support.hierarchical.NodeTestTask.execute(NodeTestTask.java:95) ~[junit-platform-engine-1.10.3.jar:1.10.3]
	at java.base/java.util.ArrayList.forEach(ArrayList.java:1511) ~[na:na]
	at org.junit.platform.engine.support.hierarchical.SameThreadHierarchicalTestExecutorService.invokeAll(SameThreadHierarchicalTestExecutorService.java:41) ~[junit-platform-engine-1.10.3.jar:1.10.3]
	at org.junit.platform.engine.support.hierarchical.NodeTestTask.lambda$executeRecursively$6(NodeTestTask.java:155) ~[junit-platform-engine-1.10.3.jar:1.10.3]
	at org.junit.platform.engine.support.hierarchical.ThrowableCollector.execute(ThrowableCollector.java:73) ~[junit-platform-engine-1.10.3.jar:1.10.3]
	at org.junit.platform.engine.support.hierarchical.NodeTestTask.lambda$executeRecursively$8(NodeTestTask.java:141) ~[junit-platform-engine-1.10.3.jar:1.10.3]
	at org.junit.platform.engine.support.hierarchical.Node.around(Node.java:137) ~[junit-platform-engine-1.10.3.jar:1.10.3]
	at org.junit.platform.engine.support.hierarchical.NodeTestTask.lambda$executeRecursively$9(NodeTestTask.java:139) ~[junit-platform-engine-1.10.3.jar:1.10.3]
	at org.junit.platform.engine.support.hierarchical.ThrowableCollector.execute(ThrowableCollector.java:73) ~[junit-platform-engine-1.10.3.jar:1.10.3]
	at org.junit.platform.engine.support.hierarchical.NodeTestTask.executeRecursively(NodeTestTask.java:138) ~[junit-platform-engine-1.10.3.jar:1.10.3]
	at org.junit.platform.engine.support.hierarchical.NodeTestTask.execute(NodeTestTask.java:95) ~[junit-platform-engine-1.10.3.jar:1.10.3]
	at org.junit.platform.engine.support.hierarchical.SameThreadHierarchicalTestExecutorService.submit(SameThreadHierarchicalTestExecutorService.java:35) ~[junit-platform-engine-1.10.3.jar:1.10.3]
	at org.junit.platform.engine.support.hierarchical.HierarchicalTestExecutor.execute(HierarchicalTestExecutor.java:57) ~[junit-platform-engine-1.10.3.jar:1.10.3]
	at org.junit.platform.engine.support.hierarchical.HierarchicalTestEngine.execute(HierarchicalTestEngine.java:54) ~[junit-platform-engine-1.10.3.jar:1.10.3]
	at org.junit.platform.launcher.core.EngineExecutionOrchestrator.execute(EngineExecutionOrchestrator.java:198) ~[junit-platform-launcher-1.10.3.jar:1.10.3]
	at org.junit.platform.launcher.core.EngineExecutionOrchestrator.execute(EngineExecutionOrchestrator.java:169) ~[junit-platform-launcher-1.10.3.jar:1.10.3]
	at org.junit.platform.launcher.core.EngineExecutionOrchestrator.execute(EngineExecutionOrchestrator.java:93) ~[junit-platform-launcher-1.10.3.jar:1.10.3]
	at org.junit.platform.launcher.core.EngineExecutionOrchestrator.lambda$execute$0(EngineExecutionOrchestrator.java:58) ~[junit-platform-launcher-1.10.3.jar:1.10.3]
	at org.junit.platform.launcher.core.EngineExecutionOrchestrator.withInterceptedStreams(EngineExecutionOrchestrator.java:141) ~[junit-platform-launcher-1.10.3.jar:1.10.3]
	at org.junit.platform.launcher.core.EngineExecutionOrchestrator.execute(EngineExecutionOrchestrator.java:57) ~[junit-platform-launcher-1.10.3.jar:1.10.3]
	at org.junit.platform.launcher.core.DefaultLauncher.execute(DefaultLauncher.java:103) ~[junit-platform-launcher-1.10.3.jar:1.10.3]
	at org.junit.platform.launcher.core.DefaultLauncher.execute(DefaultLauncher.java:85) ~[junit-platform-launcher-1.10.3.jar:1.10.3]
	at org.junit.platform.launcher.core.DelegatingLauncher.execute(DelegatingLauncher.java:47) ~[junit-platform-launcher-1.10.3.jar:1.10.3]
	at org.apache.maven.surefire.junitplatform.LazyLauncher.execute(LazyLauncher.java:56) ~[surefire-junit-platform-3.1.2.jar:3.1.2]
	at org.apache.maven.surefire.junitplatform.JUnitPlatformProvider.execute(JUnitPlatformProvider.java:184) ~[surefire-junit-platform-3.1.2.jar:3.1.2]
	at org.apache.maven.surefire.junitplatform.JUnitPlatformProvider.invokeAllTests(JUnitPlatformProvider.java:148) ~[surefire-junit-platform-3.1.2.jar:3.1.2]
	at org.apache.maven.surefire.junitplatform.JUnitPlatformProvider.invoke(JUnitPlatformProvider.java:122) ~[surefire-junit-platform-3.1.2.jar:3.1.2]
	at org.apache.maven.surefire.booter.ForkedBooter.runSuitesInProcess(ForkedBooter.java:385) ~[surefire-booter-3.1.2.jar:3.1.2]
	at org.apache.maven.surefire.booter.ForkedBooter.execute(ForkedBooter.java:162) ~[surefire-booter-3.1.2.jar:3.1.2]
	at org.apache.maven.surefire.booter.ForkedBooter.run(ForkedBooter.java:507) ~[surefire-booter-3.1.2.jar:3.1.2]
	at org.apache.maven.surefire.booter.ForkedBooter.main(ForkedBooter.java:495) ~[surefire-booter-3.1.2.jar:3.1.2]

2024-08-10T18:42:10.723+01:00  INFO 73375 --- [main] c.e.b.s.t.m.service.TransferServiceTest  : #######TEST FOR INTRA BANK TRANSFER FOR INVALID PAYEE##########
2024-08-10T18:42:10.724+01:00  INFO 73375 --- [main] .b.s.t.m.s.i.AbstractTransferServiceImpl : Started processing transfer for request: TransferRequest(payerAccNumber=ACC001, payeeAccNumber=ACC002, payeeBankName=testBank1, payeeBankCode=testCode1, amount=100.00)
2024-08-10T18:42:10.724+01:00  INFO 73375 --- [main] .b.s.t.m.s.i.AbstractTransferServiceImpl : Finding the registered Payee with account num ACC002 for Payer Account ACC001
2024-08-10T18:42:10.724+01:00  INFO 73375 --- [main] .b.s.t.m.s.i.AbstractTransferServiceImpl : Registered Payee for Payer Account ACC001 is testCode1
2024-08-10T18:42:10.724+01:00  INFO 73375 --- [main] c.e.b.s.t.m.s.i.IntraBankTransferService : Trying to execute intra-bank transfer from ACC001 to ACC002
2024-08-10T18:42:10.724+01:00  INFO 73375 --- [main] c.e.b.s.t.m.s.i.IntraBankTransferService : Getting Payee account details with payeeAccountNum ACC002 
2024-08-10T18:42:10.724+01:00 ERROR 73375 --- [main] c.e.b.s.t.m.s.i.IntraBankTransferService : Transfer failed: Unable to find Payee account ACC002 
2024-08-10T18:42:10.729+01:00  INFO 73375 --- [main] c.e.b.s.t.m.service.TransferServiceTest  : #######TEST FOR TRANSFER FROM UNKNWON ACCOUNT ##########
2024-08-10T18:42:10.729+01:00  INFO 73375 --- [main] .b.s.t.m.s.i.AbstractTransferServiceImpl : Started processing transfer for request: TransferRequest(payerAccNumber=ACC001, payeeAccNumber=ACC003, payeeBankName=testBank2, payeeBankCode=testCode2, amount=100.00)
2024-08-10T18:42:10.729+01:00 ERROR 73375 --- [main] .b.s.t.m.s.i.AbstractTransferServiceImpl : Account not found for account number: ACC001
2024-08-10T18:42:10.733+01:00  INFO 73375 --- [main] c.e.b.s.t.m.service.TransferServiceTest  : #######TEST FOR INTER BANK TRANSFER##########
2024-08-10T18:42:10.734+01:00  INFO 73375 --- [main] .b.s.t.m.s.i.AbstractTransferServiceImpl : Started processing transfer for request: TransferRequest(payerAccNumber=ACC001, payeeAccNumber=ACC003, payeeBankName=testBank2, payeeBankCode=testCode2, amount=100.00)
2024-08-10T18:42:10.734+01:00  INFO 73375 --- [main] .b.s.t.m.s.i.AbstractTransferServiceImpl : Finding the registered Payee with account num ACC003 for Payer Account ACC001
2024-08-10T18:42:10.734+01:00  INFO 73375 --- [main] .b.s.t.m.s.i.AbstractTransferServiceImpl : Registered Payee for Payer Account ACC001 is testCode2
2024-08-10T18:42:10.734+01:00  INFO 73375 --- [main] c.e.b.s.t.m.s.i.InterBankTransferService : Executing intra-bank transfer from ACC001 to ACC003
2024-08-10T18:42:10.734+01:00  INFO 73375 --- [main] .b.s.t.m.s.i.AbstractTransferServiceImpl : Debiting 100.00 from payer Account: ACC001 with balance: 1000.00
2024-08-10T18:42:10.734+01:00  INFO 73375 --- [main] .b.s.t.m.s.i.AbstractTransferServiceImpl : Updating balance of 'ACC001' to '900.00'.
2024-08-10T18:42:10.734+01:00  INFO 73375 --- [main] .b.s.t.m.s.i.AbstractTransferServiceImpl : Transaction 1234567978 recorded successfully
2024-08-10T18:42:10.735+01:00  INFO 73375 --- [main] c.e.b.s.t.m.s.i.InterBankTransferService : Calling external bank API  
2024-08-10T18:42:10.735+01:00  INFO 73375 --- [main] c.e.b.s.t.m.s.i.InterBankTransferService : Txn: 1234567978 Transfer of 100.00 completed successfully from Payer account: ACC001 to Payee account: ACC003
2024-08-10T18:42:10.739+01:00  INFO 73375 --- [main] c.e.b.s.t.m.service.TransferServiceTest  : #######TEST FOR TRANSFER WITH INSUFFICIENT FUNDS ##########
2024-08-10T18:42:10.740+01:00  INFO 73375 --- [main] .b.s.t.m.s.i.AbstractTransferServiceImpl : Started processing transfer for request: TransferRequest(payerAccNumber=ACC001, payeeAccNumber=ACC003, payeeBankName=testBank2, payeeBankCode=testCode2, amount=100.00)
2024-08-10T18:42:10.740+01:00 ERROR 73375 --- [main] .b.s.t.m.s.i.AbstractTransferServiceImpl : Transfer failed: Payer account ACC001 has insufficient funds. Account balance is 50.00
2024-08-10T18:42:10.744+01:00  INFO 73375 --- [main] c.e.b.s.t.m.service.TransferServiceTest  : #######TEST FOR TRANSFER TO UNKNWON PAYEE ##########
2024-08-10T18:42:10.745+01:00  INFO 73375 --- [main] .b.s.t.m.s.i.AbstractTransferServiceImpl : Started processing transfer for request: TransferRequest(payerAccNumber=ACC001, payeeAccNumber=ACC003, payeeBankName=testBank2, payeeBankCode=testCode2, amount=100.00)
2024-08-10T18:42:10.745+01:00  INFO 73375 --- [main] .b.s.t.m.s.i.AbstractTransferServiceImpl : Finding the registered Payee with account num ACC003 for Payer Account ACC001
2024-08-10T18:42:10.752+01:00  INFO 73375 --- [main] t.c.s.AnnotationConfigContextLoaderUtils : Could not detect default configuration classes for test class [com.exercise.banking.service.transfer.money.service.ConcurrentTransferServiceTest]: ConcurrentTransferServiceTest does not declare any static, non-private, non-final, nested classes annotated with @Configuration.
2024-08-10T18:42:10.760+01:00  INFO 73375 --- [main] .b.t.c.SpringBootTestContextBootstrapper : Found @SpringBootConfiguration com.exercise.banking.service.transfer.money.MoneyTransferApplication for test class com.exercise.banking.service.transfer.money.service.ConcurrentTransferServiceTest
2024-08-10T18:42:10.766+01:00  INFO 73375 --- [pool-3-thread-1] .b.s.t.m.s.i.AbstractTransferServiceImpl : Started processing transfer for request: TransferRequest(payerAccNumber=ACC001, payeeAccNumber=ACC002, payeeBankName=testBank1, payeeBankCode=testCode1, amount=100.00)
2024-08-10T18:42:10.766+01:00  INFO 73375 --- [pool-3-thread-2] .b.s.t.m.s.i.AbstractTransferServiceImpl : Started processing transfer for request: TransferRequest(payerAccNumber=ACC001, payeeAccNumber=ACC002, payeeBankName=testBank1, payeeBankCode=testCode1, amount=100.00)
2024-08-10T18:42:10.766+01:00  INFO 73375 --- [pool-3-thread-5] .b.s.t.m.s.i.AbstractTransferServiceImpl : Started processing transfer for request: TransferRequest(payerAccNumber=ACC001, payeeAccNumber=ACC002, payeeBankName=testBank1, payeeBankCode=testCode1, amount=100.00)
2024-08-10T18:42:10.766+01:00  INFO 73375 --- [pool-3-thread-3] .b.s.t.m.s.i.AbstractTransferServiceImpl : Started processing transfer for request: TransferRequest(payerAccNumber=ACC001, payeeAccNumber=ACC002, payeeBankName=testBank1, payeeBankCode=testCode1, amount=100.00)
2024-08-10T18:42:10.766+01:00  INFO 73375 --- [pool-3-thread-4] .b.s.t.m.s.i.AbstractTransferServiceImpl : Started processing transfer for request: TransferRequest(payerAccNumber=ACC001, payeeAccNumber=ACC002, payeeBankName=testBank1, payeeBankCode=testCode1, amount=100.00)
2024-08-10T18:42:10.766+01:00  INFO 73375 --- [pool-3-thread-6] .b.s.t.m.s.i.AbstractTransferServiceImpl : Started processing transfer for request: TransferRequest(payerAccNumber=ACC001, payeeAccNumber=ACC002, payeeBankName=testBank1, payeeBankCode=testCode1, amount=100.00)
2024-08-10T18:42:10.766+01:00  INFO 73375 --- [pool-3-thread-3] .b.s.t.m.s.i.AbstractTransferServiceImpl : Finding the registered Payee with account num ACC002 for Payer Account ACC001
2024-08-10T18:42:10.766+01:00  INFO 73375 --- [pool-3-thread-7] .b.s.t.m.s.i.AbstractTransferServiceImpl : Started processing transfer for request: TransferRequest(payerAccNumber=ACC001, payeeAccNumber=ACC002, payeeBankName=testBank1, payeeBankCode=testCode1, amount=100.00)
2024-08-10T18:42:10.766+01:00  INFO 73375 --- [pool-3-thread-1] .b.s.t.m.s.i.AbstractTransferServiceImpl : Finding the registered Payee with account num ACC002 for Payer Account ACC001
2024-08-10T18:42:10.766+01:00  INFO 73375 --- [pool-3-thread-8] .b.s.t.m.s.i.AbstractTransferServiceImpl : Started processing transfer for request: TransferRequest(payerAccNumber=ACC001, payeeAccNumber=ACC002, payeeBankName=testBank1, payeeBankCode=testCode1, amount=100.00)
2024-08-10T18:42:10.766+01:00  INFO 73375 --- [pool-3-thread-3] .b.s.t.m.s.i.AbstractTransferServiceImpl : Registered Payee for Payer Account ACC001 is testCode1
2024-08-10T18:42:10.767+01:00  INFO 73375 --- [pool-3-thread-10] .b.s.t.m.s.i.AbstractTransferServiceImpl : Started processing transfer for request: TransferRequest(payerAccNumber=ACC001, payeeAccNumber=ACC002, payeeBankName=testBank1, payeeBankCode=testCode1, amount=100.00)
2024-08-10T18:42:10.767+01:00  INFO 73375 --- [pool-3-thread-8] .b.s.t.m.s.i.AbstractTransferServiceImpl : Finding the registered Payee with account num ACC002 for Payer Account ACC001
2024-08-10T18:42:10.766+01:00  INFO 73375 --- [pool-3-thread-9] .b.s.t.m.s.i.AbstractTransferServiceImpl : Started processing transfer for request: TransferRequest(payerAccNumber=ACC001, payeeAccNumber=ACC002, payeeBankName=testBank1, payeeBankCode=testCode1, amount=100.00)
2024-08-10T18:42:10.766+01:00  INFO 73375 --- [pool-3-thread-1] .b.s.t.m.s.i.AbstractTransferServiceImpl : Registered Payee for Payer Account ACC001 is testCode1
2024-08-10T18:42:10.767+01:00  INFO 73375 --- [pool-3-thread-8] .b.s.t.m.s.i.AbstractTransferServiceImpl : Registered Payee for Payer Account ACC001 is testCode1
2024-08-10T18:42:10.767+01:00  INFO 73375 --- [pool-3-thread-5] .b.s.t.m.s.i.AbstractTransferServiceImpl : Finding the registered Payee with account num ACC002 for Payer Account ACC001
2024-08-10T18:42:10.767+01:00  INFO 73375 --- [pool-3-thread-3] c.e.b.s.t.m.s.i.IntraBankTransferService : Trying to execute intra-bank transfer from ACC001 to ACC002
2024-08-10T18:42:10.767+01:00  INFO 73375 --- [pool-3-thread-3] c.e.b.s.t.m.s.i.IntraBankTransferService : Getting Payee account details with payeeAccountNum ACC002 
2024-08-10T18:42:10.767+01:00  INFO 73375 --- [pool-3-thread-5] .b.s.t.m.s.i.AbstractTransferServiceImpl : Registered Payee for Payer Account ACC001 is testCode1
2024-08-10T18:42:10.767+01:00  INFO 73375 --- [pool-3-thread-2] .b.s.t.m.s.i.AbstractTransferServiceImpl : Finding the registered Payee with account num ACC002 for Payer Account ACC001
2024-08-10T18:42:10.767+01:00  INFO 73375 --- [pool-3-thread-3] .b.s.t.m.s.i.AbstractTransferServiceImpl : Debiting 100.00 from payer Account: ACC001 with balance: 1000.00
2024-08-10T18:42:10.767+01:00  INFO 73375 --- [pool-3-thread-9] .b.s.t.m.s.i.AbstractTransferServiceImpl : Finding the registered Payee with account num ACC002 for Payer Account ACC001
2024-08-10T18:42:10.767+01:00  INFO 73375 --- [pool-3-thread-3] .b.s.t.m.s.i.AbstractTransferServiceImpl : Updating balance of 'ACC001' to '900.00'.
2024-08-10T18:42:10.767+01:00  INFO 73375 --- [pool-3-thread-2] .b.s.t.m.s.i.AbstractTransferServiceImpl : Registered Payee for Payer Account ACC001 is testCode1
2024-08-10T18:42:10.767+01:00  INFO 73375 --- [pool-3-thread-10] .b.s.t.m.s.i.AbstractTransferServiceImpl : Finding the registered Payee with account num ACC002 for Payer Account ACC001
2024-08-10T18:42:10.767+01:00  INFO 73375 --- [pool-3-thread-9] .b.s.t.m.s.i.AbstractTransferServiceImpl : Registered Payee for Payer Account ACC001 is testCode1
2024-08-10T18:42:10.768+01:00  INFO 73375 --- [pool-3-thread-7] .b.s.t.m.s.i.AbstractTransferServiceImpl : Finding the registered Payee with account num ACC002 for Payer Account ACC001
2024-08-10T18:42:10.768+01:00  INFO 73375 --- [pool-3-thread-3] .b.s.t.m.s.i.AbstractTransferServiceImpl : Transaction 241046820505708 recorded successfully
2024-08-10T18:42:10.768+01:00  INFO 73375 --- [pool-3-thread-7] .b.s.t.m.s.i.AbstractTransferServiceImpl : Registered Payee for Payer Account ACC001 is testCode1
2024-08-10T18:42:10.768+01:00  INFO 73375 --- [pool-3-thread-3] c.e.b.s.t.m.s.i.IntraBankTransferService : Txn: 241046820505708 Payee Account ACC002 balance updated to 300.00
2024-08-10T18:42:10.768+01:00  INFO 73375 --- [pool-3-thread-10] .b.s.t.m.s.i.AbstractTransferServiceImpl : Registered Payee for Payer Account ACC001 is testCode1
2024-08-10T18:42:10.768+01:00  INFO 73375 --- [pool-3-thread-3] c.e.b.s.t.m.s.i.IntraBankTransferService : Txn: 241046820505708 Transfer of 100.00 completed successfully from Payer account: ACC001 to Payee account: ACC002
2024-08-10T18:42:10.768+01:00  INFO 73375 --- [pool-3-thread-6] .b.s.t.m.s.i.AbstractTransferServiceImpl : Finding the registered Payee with account num ACC002 for Payer Account ACC001
2024-08-10T18:42:10.768+01:00  INFO 73375 --- [pool-3-thread-10] c.e.b.s.t.m.s.i.IntraBankTransferService : Trying to execute intra-bank transfer from ACC001 to ACC002
2024-08-10T18:42:10.768+01:00  INFO 73375 --- [pool-3-thread-10] c.e.b.s.t.m.s.i.IntraBankTransferService : Getting Payee account details with payeeAccountNum ACC002 
2024-08-10T18:42:10.768+01:00  INFO 73375 --- [pool-3-thread-4] .b.s.t.m.s.i.AbstractTransferServiceImpl : Finding the registered Payee with account num ACC002 for Payer Account ACC001
2024-08-10T18:42:10.768+01:00  INFO 73375 --- [pool-3-thread-6] .b.s.t.m.s.i.AbstractTransferServiceImpl : Registered Payee for Payer Account ACC001 is testCode1
2024-08-10T18:42:10.768+01:00  INFO 73375 --- [pool-3-thread-10] .b.s.t.m.s.i.AbstractTransferServiceImpl : Debiting 100.00 from payer Account: ACC001 with balance: 900.00
2024-08-10T18:42:10.768+01:00  INFO 73375 --- [pool-3-thread-4] .b.s.t.m.s.i.AbstractTransferServiceImpl : Registered Payee for Payer Account ACC001 is testCode1
2024-08-10T18:42:10.769+01:00  INFO 73375 --- [pool-3-thread-10] .b.s.t.m.s.i.AbstractTransferServiceImpl : Updating balance of 'ACC001' to '800.00'.
2024-08-10T18:42:10.769+01:00  INFO 73375 --- [pool-3-thread-10] .b.s.t.m.s.i.AbstractTransferServiceImpl : Transaction 241046821654375 recorded successfully
2024-08-10T18:42:10.769+01:00  INFO 73375 --- [pool-3-thread-10] c.e.b.s.t.m.s.i.IntraBankTransferService : Txn: 241046821654375 Payee Account ACC002 balance updated to 400.00
2024-08-10T18:42:10.769+01:00  INFO 73375 --- [pool-3-thread-10] c.e.b.s.t.m.s.i.IntraBankTransferService : Txn: 241046821654375 Transfer of 100.00 completed successfully from Payer account: ACC001 to Payee account: ACC002
2024-08-10T18:42:10.769+01:00  INFO 73375 --- [pool-3-thread-7] c.e.b.s.t.m.s.i.IntraBankTransferService : Trying to execute intra-bank transfer from ACC001 to ACC002
2024-08-10T18:42:10.769+01:00  INFO 73375 --- [pool-3-thread-7] c.e.b.s.t.m.s.i.IntraBankTransferService : Getting Payee account details with payeeAccountNum ACC002 
2024-08-10T18:42:10.769+01:00  INFO 73375 --- [pool-3-thread-7] .b.s.t.m.s.i.AbstractTransferServiceImpl : Debiting 100.00 from payer Account: ACC001 with balance: 800.00
2024-08-10T18:42:10.769+01:00  INFO 73375 --- [pool-3-thread-7] .b.s.t.m.s.i.AbstractTransferServiceImpl : Updating balance of 'ACC001' to '700.00'.
2024-08-10T18:42:10.769+01:00  INFO 73375 --- [pool-3-thread-7] .b.s.t.m.s.i.AbstractTransferServiceImpl : Transaction 241046822267625 recorded successfully
2024-08-10T18:42:10.769+01:00  INFO 73375 --- [pool-3-thread-7] c.e.b.s.t.m.s.i.IntraBankTransferService : Txn: 241046822267625 Payee Account ACC002 balance updated to 500.00
2024-08-10T18:42:10.769+01:00  INFO 73375 --- [pool-3-thread-7] c.e.b.s.t.m.s.i.IntraBankTransferService : Txn: 241046822267625 Transfer of 100.00 completed successfully from Payer account: ACC001 to Payee account: ACC002
2024-08-10T18:42:10.770+01:00  INFO 73375 --- [pool-3-thread-2] c.e.b.s.t.m.s.i.IntraBankTransferService : Trying to execute intra-bank transfer from ACC001 to ACC002
2024-08-10T18:42:10.770+01:00  INFO 73375 --- [pool-3-thread-2] c.e.b.s.t.m.s.i.IntraBankTransferService : Getting Payee account details with payeeAccountNum ACC002 
2024-08-10T18:42:10.770+01:00  INFO 73375 --- [pool-3-thread-2] .b.s.t.m.s.i.AbstractTransferServiceImpl : Debiting 100.00 from payer Account: ACC001 with balance: 700.00
2024-08-10T18:42:10.770+01:00  INFO 73375 --- [pool-3-thread-2] .b.s.t.m.s.i.AbstractTransferServiceImpl : Updating balance of 'ACC001' to '600.00'.
2024-08-10T18:42:10.770+01:00  INFO 73375 --- [pool-3-thread-2] .b.s.t.m.s.i.AbstractTransferServiceImpl : Transaction 241046822885500 recorded successfully
2024-08-10T18:42:10.770+01:00  INFO 73375 --- [pool-3-thread-2] c.e.b.s.t.m.s.i.IntraBankTransferService : Txn: 241046822885500 Payee Account ACC002 balance updated to 600.00
2024-08-10T18:42:10.770+01:00  INFO 73375 --- [pool-3-thread-2] c.e.b.s.t.m.s.i.IntraBankTransferService : Txn: 241046822885500 Transfer of 100.00 completed successfully from Payer account: ACC001 to Payee account: ACC002
2024-08-10T18:42:10.770+01:00  INFO 73375 --- [pool-3-thread-9] c.e.b.s.t.m.s.i.IntraBankTransferService : Trying to execute intra-bank transfer from ACC001 to ACC002
2024-08-10T18:42:10.770+01:00  INFO 73375 --- [pool-3-thread-9] c.e.b.s.t.m.s.i.IntraBankTransferService : Getting Payee account details with payeeAccountNum ACC002 
2024-08-10T18:42:10.770+01:00  INFO 73375 --- [pool-3-thread-9] .b.s.t.m.s.i.AbstractTransferServiceImpl : Debiting 100.00 from payer Account: ACC001 with balance: 600.00
2024-08-10T18:42:10.770+01:00  INFO 73375 --- [pool-3-thread-9] .b.s.t.m.s.i.AbstractTransferServiceImpl : Updating balance of 'ACC001' to '500.00'.
2024-08-10T18:42:10.770+01:00  INFO 73375 --- [pool-3-thread-9] .b.s.t.m.s.i.AbstractTransferServiceImpl : Transaction 241046823451041 recorded successfully
2024-08-10T18:42:10.771+01:00  INFO 73375 --- [pool-3-thread-9] c.e.b.s.t.m.s.i.IntraBankTransferService : Txn: 241046823451041 Payee Account ACC002 balance updated to 700.00
2024-08-10T18:42:10.771+01:00  INFO 73375 --- [pool-3-thread-9] c.e.b.s.t.m.s.i.IntraBankTransferService : Txn: 241046823451041 Transfer of 100.00 completed successfully from Payer account: ACC001 to Payee account: ACC002
2024-08-10T18:42:10.771+01:00  INFO 73375 --- [pool-3-thread-5] c.e.b.s.t.m.s.i.IntraBankTransferService : Trying to execute intra-bank transfer from ACC001 to ACC002
2024-08-10T18:42:10.771+01:00  INFO 73375 --- [pool-3-thread-5] c.e.b.s.t.m.s.i.IntraBankTransferService : Getting Payee account details with payeeAccountNum ACC002 
2024-08-10T18:42:10.771+01:00  INFO 73375 --- [pool-3-thread-5] .b.s.t.m.s.i.AbstractTransferServiceImpl : Debiting 100.00 from payer Account: ACC001 with balance: 500.00
2024-08-10T18:42:10.771+01:00  INFO 73375 --- [pool-3-thread-5] .b.s.t.m.s.i.AbstractTransferServiceImpl : Updating balance of 'ACC001' to '400.00'.
2024-08-10T18:42:10.772+01:00  INFO 73375 --- [pool-3-thread-5] .b.s.t.m.s.i.AbstractTransferServiceImpl : Transaction 241046824495916 recorded successfully
2024-08-10T18:42:10.772+01:00  INFO 73375 --- [pool-3-thread-5] c.e.b.s.t.m.s.i.IntraBankTransferService : Txn: 241046824495916 Payee Account ACC002 balance updated to 800.00
2024-08-10T18:42:10.772+01:00  INFO 73375 --- [pool-3-thread-5] c.e.b.s.t.m.s.i.IntraBankTransferService : Txn: 241046824495916 Transfer of 100.00 completed successfully from Payer account: ACC001 to Payee account: ACC002
2024-08-10T18:42:10.772+01:00  INFO 73375 --- [pool-3-thread-8] c.e.b.s.t.m.s.i.IntraBankTransferService : Trying to execute intra-bank transfer from ACC001 to ACC002
2024-08-10T18:42:10.772+01:00  INFO 73375 --- [pool-3-thread-8] c.e.b.s.t.m.s.i.IntraBankTransferService : Getting Payee account details with payeeAccountNum ACC002 
2024-08-10T18:42:10.772+01:00  INFO 73375 --- [pool-3-thread-8] .b.s.t.m.s.i.AbstractTransferServiceImpl : Debiting 100.00 from payer Account: ACC001 with balance: 400.00
2024-08-10T18:42:10.772+01:00  INFO 73375 --- [pool-3-thread-8] .b.s.t.m.s.i.AbstractTransferServiceImpl : Updating balance of 'ACC001' to '300.00'.
2024-08-10T18:42:10.772+01:00  INFO 73375 --- [pool-3-thread-8] .b.s.t.m.s.i.AbstractTransferServiceImpl : Transaction 241046825395166 recorded successfully
2024-08-10T18:42:10.773+01:00  INFO 73375 --- [pool-3-thread-8] c.e.b.s.t.m.s.i.IntraBankTransferService : Txn: 241046825395166 Payee Account ACC002 balance updated to 900.00
2024-08-10T18:42:10.773+01:00  INFO 73375 --- [pool-3-thread-8] c.e.b.s.t.m.s.i.IntraBankTransferService : Txn: 241046825395166 Transfer of 100.00 completed successfully from Payer account: ACC001 to Payee account: ACC002
2024-08-10T18:42:10.773+01:00  INFO 73375 --- [pool-3-thread-1] c.e.b.s.t.m.s.i.IntraBankTransferService : Trying to execute intra-bank transfer from ACC001 to ACC002
2024-08-10T18:42:10.773+01:00  INFO 73375 --- [pool-3-thread-1] c.e.b.s.t.m.s.i.IntraBankTransferService : Getting Payee account details with payeeAccountNum ACC002 
2024-08-10T18:42:10.773+01:00  INFO 73375 --- [pool-3-thread-1] .b.s.t.m.s.i.AbstractTransferServiceImpl : Debiting 100.00 from payer Account: ACC001 with balance: 300.00
2024-08-10T18:42:10.773+01:00  INFO 73375 --- [pool-3-thread-1] .b.s.t.m.s.i.AbstractTransferServiceImpl : Updating balance of 'ACC001' to '200.00'.
2024-08-10T18:42:10.773+01:00  INFO 73375 --- [pool-3-thread-1] .b.s.t.m.s.i.AbstractTransferServiceImpl : Transaction 241046826261458 recorded successfully
2024-08-10T18:42:10.773+01:00  INFO 73375 --- [pool-3-thread-1] c.e.b.s.t.m.s.i.IntraBankTransferService : Txn: 241046826261458 Payee Account ACC002 balance updated to 1000.00
2024-08-10T18:42:10.773+01:00  INFO 73375 --- [pool-3-thread-1] c.e.b.s.t.m.s.i.IntraBankTransferService : Txn: 241046826261458 Transfer of 100.00 completed successfully from Payer account: ACC001 to Payee account: ACC002
2024-08-10T18:42:10.774+01:00  INFO 73375 --- [pool-3-thread-4] c.e.b.s.t.m.s.i.IntraBankTransferService : Trying to execute intra-bank transfer from ACC001 to ACC002
2024-08-10T18:42:10.774+01:00  INFO 73375 --- [pool-3-thread-4] c.e.b.s.t.m.s.i.IntraBankTransferService : Getting Payee account details with payeeAccountNum ACC002 
2024-08-10T18:42:10.774+01:00  INFO 73375 --- [pool-3-thread-4] .b.s.t.m.s.i.AbstractTransferServiceImpl : Debiting 100.00 from payer Account: ACC001 with balance: 200.00
2024-08-10T18:42:10.774+01:00  INFO 73375 --- [pool-3-thread-4] .b.s.t.m.s.i.AbstractTransferServiceImpl : Updating balance of 'ACC001' to '100.00'.
2024-08-10T18:42:10.774+01:00  INFO 73375 --- [pool-3-thread-4] .b.s.t.m.s.i.AbstractTransferServiceImpl : Transaction 241046827101250 recorded successfully
2024-08-10T18:42:10.774+01:00  INFO 73375 --- [pool-3-thread-4] c.e.b.s.t.m.s.i.IntraBankTransferService : Txn: 241046827101250 Payee Account ACC002 balance updated to 1100.00
2024-08-10T18:42:10.774+01:00  INFO 73375 --- [pool-3-thread-4] c.e.b.s.t.m.s.i.IntraBankTransferService : Txn: 241046827101250 Transfer of 100.00 completed successfully from Payer account: ACC001 to Payee account: ACC002
2024-08-10T18:42:10.775+01:00  INFO 73375 --- [pool-3-thread-6] c.e.b.s.t.m.s.i.IntraBankTransferService : Trying to execute intra-bank transfer from ACC001 to ACC002
2024-08-10T18:42:10.775+01:00  INFO 73375 --- [pool-3-thread-6] c.e.b.s.t.m.s.i.IntraBankTransferService : Getting Payee account details with payeeAccountNum ACC002 
2024-08-10T18:42:10.775+01:00  INFO 73375 --- [pool-3-thread-6] .b.s.t.m.s.i.AbstractTransferServiceImpl : Debiting 100.00 from payer Account: ACC001 with balance: 100.00
2024-08-10T18:42:10.775+01:00  INFO 73375 --- [pool-3-thread-6] .b.s.t.m.s.i.AbstractTransferServiceImpl : Updating balance of 'ACC001' to '0.00'.
2024-08-10T18:42:10.775+01:00  INFO 73375 --- [pool-3-thread-6] .b.s.t.m.s.i.AbstractTransferServiceImpl : Transaction 241046828193041 recorded successfully
2024-08-10T18:42:10.775+01:00  INFO 73375 --- [pool-3-thread-6] c.e.b.s.t.m.s.i.IntraBankTransferService : Txn: 241046828193041 Payee Account ACC002 balance updated to 1200.00
2024-08-10T18:42:10.775+01:00  INFO 73375 --- [pool-3-thread-6] c.e.b.s.t.m.s.i.IntraBankTransferService : Txn: 241046828193041 Transfer of 100.00 completed successfully from Payer account: ACC001 to Payee account: ACC002
2024-08-10T18:42:10.787+01:00  INFO 73375 --- [main] t.c.s.AnnotationConfigContextLoaderUtils : Could not detect default configuration classes for test class [com.exercise.banking.service.transfer.money.service.AccountServiceTest]: AccountServiceTest does not declare any static, non-private, non-final, nested classes annotated with @Configuration.
2024-08-10T18:42:10.795+01:00  INFO 73375 --- [main] .b.t.c.SpringBootTestContextBootstrapper : Found @SpringBootConfiguration com.exercise.banking.service.transfer.money.MoneyTransferApplication for test class com.exercise.banking.service.transfer.money.service.AccountServiceTest
2024-08-10T18:42:10.862+01:00 ERROR 73375 --- [main] c.e.b.s.t.money.service.AccountService   : Payee not found for accounts: PAYER001 and PAYEE_NOT_REGISTERED
2024-08-10T18:42:10.867+01:00  INFO 73375 --- [main] c.e.b.s.t.m.s.TransferServiceSelector    : Payer Bankcode : test Payee Bankcode:test
2024-08-10T18:42:10.867+01:00  INFO 73375 --- [main] c.e.b.s.t.m.s.TransferServiceSelector    : Payer Bankcode : test Payee Bankcode:test1
2024-08-10T18:42:10.876+01:00  INFO 73375 --- [SpringContextShutdownHook] j.LocalContainerEntityManagerFactoryBean : Closing JPA EntityManagerFactory for persistence unit 'default'
2024-08-10T18:42:10.877+01:00  INFO 73375 --- [SpringApplicationShutdownHook] j.LocalContainerEntityManagerFactoryBean : Closing JPA EntityManagerFactory for persistence unit 'default'
2024-08-10T18:42:11.085+01:00 DEBUG 73375 --- [SpringApplicationShutdownHook] org.hibernate.SQL                        : drop table if exists account cascade 
2024-08-10T18:42:11.085+01:00 DEBUG 73375 --- [SpringContextShutdownHook] org.hibernate.SQL                        : drop table if exists account cascade 
2024-08-10T18:42:11.086+01:00 DEBUG 73375 --- [SpringContextShutdownHook] org.hibernate.SQL                        : drop table if exists bank cascade 
2024-08-10T18:42:11.086+01:00 DEBUG 73375 --- [SpringApplicationShutdownHook] org.hibernate.SQL                        : drop table if exists bank cascade 
2024-08-10T18:42:11.086+01:00 DEBUG 73375 --- [SpringContextShutdownHook] org.hibernate.SQL                        : drop table if exists payee cascade 
2024-08-10T18:42:11.086+01:00 DEBUG 73375 --- [SpringApplicationShutdownHook] org.hibernate.SQL                        : drop table if exists payee cascade 
2024-08-10T18:42:11.087+01:00 DEBUG 73375 --- [SpringContextShutdownHook] org.hibernate.SQL                        : drop table if exists transaction cascade 
2024-08-10T18:42:11.087+01:00 DEBUG 73375 --- [SpringApplicationShutdownHook] org.hibernate.SQL                        : drop table if exists transaction cascade 
